<!DOCTYPE html>
<html>
<head>
	<meta charset="utf-8" />
	<meta http-equiv="X-UA-Compatible" content="IE=edge"><title>post-104 - takecian</title><meta name="viewport" content="width=device-width, initial-scale=1">
	
  <meta itemprop="name" content="post-104">
  <meta itemprop="description" content="Rails を勉強中に、壁にぶつかった。
has_secure_password を使う際に必要な bcrypt-ruby がインストールできない。
ググってみたら、gcc-42 が見つからないって話はよく見つかるんだけど、
それとは違ってこんなエラーが出る。
[bash]
Building native extensions. This could take a while...
ERROR: Error installing bcrypt-ruby:
ERROR: Failed to build gem native extension.
/Users/usrename/.rvm/rubies/ruby-2.0.0-p247/bin/ruby extconf.rb
creating Makefile
make
compiling bcrypt_ext.c
In file included from /Users/usrename/.rvm/rubies/ruby-2.0.0-p247/include/ruby-2.0.0/ruby.h:33,
from bcrypt_ext.c:1:
/Users/usrename/.rvm/rubies/ruby-2.0.0-p247/include/ruby-2.0.0/ruby/ruby.h:51:21: error: string.h: No such file or directory
/Users/usrename/.rvm/rubies/ruby-2.0.0-p247/include/ruby-2.0.0/ruby/ruby.h:61:21: error: stdint.h: No such file or directory
/Users/usrename/.rvm/rubies/ruby-2.0.0-p247/include/ruby-2.0.0/ruby/ruby.h:64:23: error: inttypes.h: No such file or directory
/Users/usrename/.rvm/rubies/ruby-2.0.0-p247/include/ruby-2.0.0/ruby/ruby.h:68:19: error: stdio.h: No such file or directory
In file included from /Users/usrename/.rvm/rubies/ruby-2.0.0-p247/include/ruby-2.0.0/ruby/ruby.h:70,
from /Users/usrename/.rvm/rubies/ruby-2.0.0-p247/include/ruby-2.0.0/ruby.h:33,
from bcrypt_ext.c:1:
/Users/usrename/.rvm/rubies/ruby-2.0.0-p247/include/ruby-2.0.0/ruby/defines.h:29:21: error: stdlib.h: No such file or directory
In file included from /Users/usrename/.rvm/rubies/ruby-2.0.0-p247/include/ruby-2.0.0/ruby/ruby.h:194,
from /Users/usrename/.rvm/rubies/ruby-2.0.0-p247/include/ruby-2.0.0/ruby.h:33,
from bcrypt_ext.c:1:
[/bash]">
  <meta itemprop="datePublished" content="2013-11-04T00:00:00+09:00">
  <meta itemprop="dateModified" content="2013-11-04T00:00:00+09:00">
  <meta itemprop="wordCount" content="126"><meta property="og:url" content="https://takecian.github.io/posts/2013-11-04-post-104/">
  <meta property="og:site_name" content="takecian">
  <meta property="og:title" content="post-104">
  <meta property="og:description" content="Rails を勉強中に、壁にぶつかった。
has_secure_password を使う際に必要な bcrypt-ruby がインストールできない。
ググってみたら、gcc-42 が見つからないって話はよく見つかるんだけど、
それとは違ってこんなエラーが出る。
[bash]
Building native extensions. This could take a while...
ERROR: Error installing bcrypt-ruby:
ERROR: Failed to build gem native extension.
/Users/usrename/.rvm/rubies/ruby-2.0.0-p247/bin/ruby extconf.rb
creating Makefile
make
compiling bcrypt_ext.c
In file included from /Users/usrename/.rvm/rubies/ruby-2.0.0-p247/include/ruby-2.0.0/ruby.h:33,
from bcrypt_ext.c:1:
/Users/usrename/.rvm/rubies/ruby-2.0.0-p247/include/ruby-2.0.0/ruby/ruby.h:51:21: error: string.h: No such file or directory
/Users/usrename/.rvm/rubies/ruby-2.0.0-p247/include/ruby-2.0.0/ruby/ruby.h:61:21: error: stdint.h: No such file or directory
/Users/usrename/.rvm/rubies/ruby-2.0.0-p247/include/ruby-2.0.0/ruby/ruby.h:64:23: error: inttypes.h: No such file or directory
/Users/usrename/.rvm/rubies/ruby-2.0.0-p247/include/ruby-2.0.0/ruby/ruby.h:68:19: error: stdio.h: No such file or directory
In file included from /Users/usrename/.rvm/rubies/ruby-2.0.0-p247/include/ruby-2.0.0/ruby/ruby.h:70,
from /Users/usrename/.rvm/rubies/ruby-2.0.0-p247/include/ruby-2.0.0/ruby.h:33,
from bcrypt_ext.c:1:
/Users/usrename/.rvm/rubies/ruby-2.0.0-p247/include/ruby-2.0.0/ruby/defines.h:29:21: error: stdlib.h: No such file or directory
In file included from /Users/usrename/.rvm/rubies/ruby-2.0.0-p247/include/ruby-2.0.0/ruby/ruby.h:194,
from /Users/usrename/.rvm/rubies/ruby-2.0.0-p247/include/ruby-2.0.0/ruby.h:33,
from bcrypt_ext.c:1:
[/bash]">
  <meta property="og:locale" content="ja_jp">
  <meta property="og:type" content="article">
    <meta property="article:section" content="posts">
    <meta property="article:published_time" content="2013-11-04T00:00:00+09:00">
    <meta property="article:modified_time" content="2013-11-04T00:00:00+09:00">

  <meta name="twitter:card" content="summary">
  <meta name="twitter:title" content="post-104">
  <meta name="twitter:description" content="Rails を勉強中に、壁にぶつかった。
has_secure_password を使う際に必要な bcrypt-ruby がインストールできない。
ググってみたら、gcc-42 が見つからないって話はよく見つかるんだけど、
それとは違ってこんなエラーが出る。
[bash]
Building native extensions. This could take a while...
ERROR: Error installing bcrypt-ruby:
ERROR: Failed to build gem native extension.
/Users/usrename/.rvm/rubies/ruby-2.0.0-p247/bin/ruby extconf.rb
creating Makefile
make
compiling bcrypt_ext.c
In file included from /Users/usrename/.rvm/rubies/ruby-2.0.0-p247/include/ruby-2.0.0/ruby.h:33,
from bcrypt_ext.c:1:
/Users/usrename/.rvm/rubies/ruby-2.0.0-p247/include/ruby-2.0.0/ruby/ruby.h:51:21: error: string.h: No such file or directory
/Users/usrename/.rvm/rubies/ruby-2.0.0-p247/include/ruby-2.0.0/ruby/ruby.h:61:21: error: stdint.h: No such file or directory
/Users/usrename/.rvm/rubies/ruby-2.0.0-p247/include/ruby-2.0.0/ruby/ruby.h:64:23: error: inttypes.h: No such file or directory
/Users/usrename/.rvm/rubies/ruby-2.0.0-p247/include/ruby-2.0.0/ruby/ruby.h:68:19: error: stdio.h: No such file or directory
In file included from /Users/usrename/.rvm/rubies/ruby-2.0.0-p247/include/ruby-2.0.0/ruby/ruby.h:70,
from /Users/usrename/.rvm/rubies/ruby-2.0.0-p247/include/ruby-2.0.0/ruby.h:33,
from bcrypt_ext.c:1:
/Users/usrename/.rvm/rubies/ruby-2.0.0-p247/include/ruby-2.0.0/ruby/defines.h:29:21: error: stdlib.h: No such file or directory
In file included from /Users/usrename/.rvm/rubies/ruby-2.0.0-p247/include/ruby-2.0.0/ruby/ruby.h:194,
from /Users/usrename/.rvm/rubies/ruby-2.0.0-p247/include/ruby-2.0.0/ruby.h:33,
from bcrypt_ext.c:1:
[/bash]">
<link href='https://fonts.googleapis.com/css?family=Playfair+Display:700' rel='stylesheet' type='text/css'>
	<link rel="stylesheet" type="text/css" media="screen" href="https://takecian.github.io/css/normalize.css" />
	<link rel="stylesheet" type="text/css" media="screen" href="https://takecian.github.io/css/main.css" />

        <link id="dark-scheme" rel="stylesheet" type="text/css" href="https://takecian.github.io/css/dark.css" />

	<script src="https://cdn.jsdelivr.net/npm/feather-icons/dist/feather.min.js"></script>
		<script src="https://takecian.github.io/js/main.js"></script>
</head>

<body>
	<div class="container wrapper">
		<div class="header">
	
		<div class="avatar">
			<a href="https://takecian.github.io/">
				<img src="https://takecian.github.io/images/avatar.jpg" alt="takecian" />
			</a>
		</div>
	
	<h1 class="site-title"><a href="https://takecian.github.io/">takecian</a></h1>
	<div class="site-description"><p>Diary</p><nav class="nav social">
			<ul class="flat"><li><a href="/index.xml" title="RSS"><i data-feather="rss"></i></a></li><li><a href="#" class="scheme-toggle" id="scheme-toggle"></a></li></ul>
		</nav>
	</div>

	<nav class="nav">
		<ul class="flat">
			
			<li>
				<a href="/posts/">Posts</a>
			</li>
			
			<li>
				<a href="/work/work">Work</a>
			</li>
			
			<li>
				<a href="/note/">Note</a>
			</li>
			
			<li>
				<a href="/about/about">About</a>
			</li>
			
		</ul>
	</nav>
</div>


		<div class="post">
			<div class="post-header">
				
					<div class="meta">
						<div class="date">
							<span class="day">04</span>
							<span class="rest">Nov 2013</span>
						</div>
					</div>
				
				<div class="matter">
					<h1 class="title">post-104</h1>
				</div>
			</div>
					
			<div class="markdown">
				<p>Rails を勉強中に、壁にぶつかった。<br />
has_secure_password を使う際に必要な bcrypt-ruby がインストールできない。</p>
<p>ググってみたら、gcc-42 が見つからないって話はよく見つかるんだけど、<br />
それとは違ってこんなエラーが出る。</p>
<p>[bash]<br />
Building native extensions.  This could take a while...<br />
ERROR:  Error installing bcrypt-ruby:<br />
	ERROR: Failed to build gem native extension.</p>
<p>    /Users/usrename/.rvm/rubies/ruby-2.0.0-p247/bin/ruby extconf.rb<br />
creating Makefile</p>
<p>make<br />
compiling bcrypt_ext.c<br />
In file included from /Users/usrename/.rvm/rubies/ruby-2.0.0-p247/include/ruby-2.0.0/ruby.h:33,<br />
                 from bcrypt_ext.c:1:<br />
/Users/usrename/.rvm/rubies/ruby-2.0.0-p247/include/ruby-2.0.0/ruby/ruby.h:51:21: error: string.h: No such file or directory<br />
/Users/usrename/.rvm/rubies/ruby-2.0.0-p247/include/ruby-2.0.0/ruby/ruby.h:61:21: error: stdint.h: No such file or directory<br />
/Users/usrename/.rvm/rubies/ruby-2.0.0-p247/include/ruby-2.0.0/ruby/ruby.h:64:23: error: inttypes.h: No such file or directory<br />
/Users/usrename/.rvm/rubies/ruby-2.0.0-p247/include/ruby-2.0.0/ruby/ruby.h:68:19: error: stdio.h: No such file or directory<br />
In file included from /Users/usrename/.rvm/rubies/ruby-2.0.0-p247/include/ruby-2.0.0/ruby/ruby.h:70,<br />
                 from /Users/usrename/.rvm/rubies/ruby-2.0.0-p247/include/ruby-2.0.0/ruby.h:33,<br />
                 from bcrypt_ext.c:1:<br />
/Users/usrename/.rvm/rubies/ruby-2.0.0-p247/include/ruby-2.0.0/ruby/defines.h:29:21: error: stdlib.h: No such file or directory<br />
In file included from /Users/usrename/.rvm/rubies/ruby-2.0.0-p247/include/ruby-2.0.0/ruby/ruby.h:194,<br />
                 from /Users/usrename/.rvm/rubies/ruby-2.0.0-p247/include/ruby-2.0.0/ruby.h:33,<br />
                 from bcrypt_ext.c:1:<br />
[/bash]</p>
<p>Command Line Developer Tools が必要だそうで、</p>
<p>[bash]<br />
xcode-select --install<br />
[/bash]</p>
<p>を実行するとインストールできるようになる。</p>
<p>参考：<br />
<a href="http://stackoverflow.com/questions/19580685/installing-rails-on-mavericks" title="install-rails" target="_blank">installing-rails-on-mavericks - Stackoverflow</a></p>
<p>ちなみに gcc-42 が見つからない場合の対応策はこちら。</p>
<p>[bash]<br />
sudo ln -s /usr/local/bin/gcc-4.2 /usr/bin/gcc-4.2<br />
[/bash]</p>

			</div>

			<div class="tags">
				
					
				
			</div></div>
	</div>
	<div class="footer wrapper">
	<nav class="nav">
		<div>2025  <a href="https://github.com/knadh/hugo-ink">Ink</a> theme on <a href="https://gohugo.io">Hugo</a></div>
	</nav>
</div>

<script>feather.replace()</script>
</body>
</html>
